Using pre-set license
Built from '6000.0/staging' branch; Version is '6000.0.31f1 (a206c360e2a8) revision 10618563'; Using compiler version '193933523'; Build Type 'Release'
OS: 'Windows 10  (10.0.19045) 64bit CoreSingleLanguage' Language: 'ru' Physical Memory: 16070 MB
BatchMode: 1, IsHumanControllingUs: 0, StartBugReporterOnCrash: 0, Is64bit: 1, IsPro: 1

COMMAND LINE ARGUMENTS:
C:\Program Files\Unity\Hub\Editor\6000.0.31f1\Editor\Unity.exe
-adb2
-batchMode
-noUpm
-name
AssetImportWorker2
-projectPath
C:/Users/ADRUS/Documents/GitHub/GameJam/WASD_Jam
-logFile
Logs/AssetImportWorker2.log
-srvPort
58086
-job-worker-count
9
-background-job-worker-count
8
-gc-helper-count
1
Successfully changed project path to: C:/Users/ADRUS/Documents/GitHub/GameJam/WASD_Jam
C:/Users/ADRUS/Documents/GitHub/GameJam/WASD_Jam
[UnityMemory] Configuration Parameters - Can be set up in boot.config
    "memorysetup-bucket-allocator-granularity=16"
    "memorysetup-bucket-allocator-bucket-count=8"
    "memorysetup-bucket-allocator-block-size=33554432"
    "memorysetup-bucket-allocator-block-count=8"
    "memorysetup-main-allocator-block-size=16777216"
    "memorysetup-thread-allocator-block-size=16777216"
    "memorysetup-gfx-main-allocator-block-size=16777216"
    "memorysetup-gfx-thread-allocator-block-size=16777216"
    "memorysetup-cache-allocator-block-size=4194304"
    "memorysetup-typetree-allocator-block-size=2097152"
    "memorysetup-profiler-bucket-allocator-granularity=16"
    "memorysetup-profiler-bucket-allocator-bucket-count=8"
    "memorysetup-profiler-bucket-allocator-block-size=33554432"
    "memorysetup-profiler-bucket-allocator-block-count=8"
    "memorysetup-profiler-allocator-block-size=16777216"
    "memorysetup-profiler-editor-allocator-block-size=1048576"
    "memorysetup-temp-allocator-size-main=16777216"
    "memorysetup-job-temp-allocator-block-size=2097152"
    "memorysetup-job-temp-allocator-block-size-background=1048576"
    "memorysetup-job-temp-allocator-reduction-small-platforms=262144"
    "memorysetup-allocator-temp-initial-block-size-main=262144"
    "memorysetup-allocator-temp-initial-block-size-worker=262144"
    "memorysetup-temp-allocator-size-background-worker=32768"
    "memorysetup-temp-allocator-size-job-worker=262144"
    "memorysetup-temp-allocator-size-preload-manager=33554432"
    "memorysetup-temp-allocator-size-nav-mesh-worker=65536"
    "memorysetup-temp-allocator-size-audio-worker=65536"
    "memorysetup-temp-allocator-size-cloud-worker=32768"
    "memorysetup-temp-allocator-size-gi-baking-worker=262144"
    "memorysetup-temp-allocator-size-gi-baking-worker=262144"
    "memorysetup-temp-allocator-size-gi-baking-worker=262144"
    "memorysetup-temp-allocator-size-gi-baking-worker=262144"
    "memorysetup-temp-allocator-size-gi-baking-worker=262144"
    "memorysetup-temp-allocator-size-gfx=262144"
Player connection [24824]  Target information:

Player connection [24824]  * "[IP] 26.212.52.129 [Port] 0 [Flags] 2 [Guid] 1277486359 [EditorId] 1277486359 [Version] 1048832 [Id] WindowsEditor(7,DESKTOP-SVIVVNE) [Debug] 1 [PackageName] WindowsEditor [ProjectName] Editor" 

Player connection [24824]  * "[IP] 172.18.64.1 [Port] 0 [Flags] 2 [Guid] 1277486359 [EditorId] 1277486359 [Version] 1048832 [Id] WindowsEditor(7,DESKTOP-SVIVVNE) [Debug] 1 [PackageName] WindowsEditor [ProjectName] Editor" 

Player connection [24824]  * "[IP] 172.19.0.1 [Port] 0 [Flags] 2 [Guid] 1277486359 [EditorId] 1277486359 [Version] 1048832 [Id] WindowsEditor(7,DESKTOP-SVIVVNE) [Debug] 1 [PackageName] WindowsEditor [ProjectName] Editor" 

Player connection [24824]  * "[IP] 192.168.1.22 [Port] 0 [Flags] 2 [Guid] 1277486359 [EditorId] 1277486359 [Version] 1048832 [Id] WindowsEditor(7,DESKTOP-SVIVVNE) [Debug] 1 [PackageName] WindowsEditor [ProjectName] Editor" 

Player connection [24824] Host joined multi-casting on [225.0.0.222:54997]...
Player connection [24824] Host joined alternative multi-casting on [225.0.0.222:34997]...
JobSystem: Creating JobQueue using job-worker-count value 9
[Physics::Module] Initialized fallback backend.
[Physics::Module] Id: 0xdecafbad
Library Redirect Path: Library/
Default GameObject Tag: Player already registered
[Physics::Module] Selected backend.
[Physics::Module] Name: PhysX
[Physics::Module] Id: 0xf2b8ea05
[Physics::Module] SDK Version: 4.1.2
[Physics::Module] Integration Version: 1.0.0
[Physics::Module] Threading Mode: Multi-Threaded
Refreshing native plugins compatible for Editor in 6.80 ms, found 4 plugins.
Preloading 0 native plugins for Editor in 0.00 ms.
Initialize engine version: 6000.0.31f1 (a206c360e2a8)
[Subsystems] Discovering subsystems at path C:/Program Files/Unity/Hub/Editor/6000.0.31f1/Editor/Data/Resources/UnitySubsystems
[Subsystems] Discovering subsystems at path C:/Users/ADRUS/Documents/GitHub/GameJam/WASD_Jam/Assets
GfxDevice: creating device client; kGfxThreadingModeNonThreaded
Direct3D:
    Version:  Direct3D 11.0 [level 11.1]
    Renderer: NVIDIA GeForce RTX 4070 Laptop GPU (ID=0x2820)
    Vendor:   NVIDIA
    VRAM:     7963 MB
    Driver:   31.0.15.4646
Initialize mono
Mono path[0] = 'C:/Program Files/Unity/Hub/Editor/6000.0.31f1/Editor/Data/Managed'
Mono path[1] = 'C:/Program Files/Unity/Hub/Editor/6000.0.31f1/Editor/Data/MonoBleedingEdge/lib/mono/unityjit-win32'
Mono config path = 'C:/Program Files/Unity/Hub/Editor/6000.0.31f1/Editor/Data/MonoBleedingEdge/etc'
Using monoOptions --debugger-agent=transport=dt_socket,embedding=1,server=y,suspend=n,address=127.0.0.1:56448
Begin MonoManager ReloadAssembly
Registering precompiled unity dll's ...
Register platform support module: C:/Program Files/Unity/Hub/Editor/6000.0.31f1/Editor/Data/PlaybackEngines/WindowsStandaloneSupport/UnityEditor.WindowsStandalone.Extensions.dll
Registered in 0.004859 seconds.
- Loaded All Assemblies, in  0.489 seconds
Native extension for WindowsStandalone target not found
Mono: successfully reloaded assembly
- Finished resetting the current domain, in  0.418 seconds
Domain Reload Profiling: 902ms
	BeginReloadAssembly (169ms)
		ExecutionOrderSort (0ms)
		DisableScriptedObjects (0ms)
		BackupInstance (0ms)
		ReleaseScriptingObjects (0ms)
		CreateAndSetChildDomain (1ms)
	RebuildCommonClasses (44ms)
	RebuildNativeTypeToScriptingClass (14ms)
	initialDomainReloadingComplete (64ms)
	LoadAllAssembliesAndSetupDomain (194ms)
		LoadAssemblies (163ms)
		RebuildTransferFunctionScriptingTraits (0ms)
		AnalyzeDomain (190ms)
			TypeCache.Refresh (188ms)
				TypeCache.ScanAssembly (173ms)
			BuildScriptInfoCaches (0ms)
			ResolveRequiredComponents (1ms)
	FinalizeReload (418ms)
		ReleaseScriptCaches (0ms)
		RebuildScriptCaches (0ms)
		SetupLoadedEditorAssemblies (365ms)
			LogAssemblyErrors (0ms)
			InitializePlatformSupportModulesInManaged (36ms)
			SetLoadedEditorAssemblies (5ms)
			BeforeProcessingInitializeOnLoad (68ms)
			ProcessInitializeOnLoadAttributes (187ms)
			ProcessInitializeOnLoadMethodAttributes (68ms)
			AfterProcessingInitializeOnLoad (0ms)
			EditorAssembliesLoaded (0ms)
		ExecutionOrderSort2 (0ms)
		AwakeInstancesAfterBackupRestoration (0ms)
========================================================================
Worker process is ready to serve import requests
Import Worker Mode flag is 0x00
Begin MonoManager ReloadAssembly
- Loaded All Assemblies, in  1.067 seconds
Refreshing native plugins compatible for Editor in 2.50 ms, found 4 plugins.
Native extension for WindowsStandalone target not found
Mono: successfully reloaded assembly
- Finished resetting the current domain, in  1.223 seconds
Domain Reload Profiling: 2280ms
	BeginReloadAssembly (216ms)
		ExecutionOrderSort (0ms)
		DisableScriptedObjects (8ms)
		BackupInstance (0ms)
		ReleaseScriptingObjects (0ms)
		CreateAndSetChildDomain (37ms)
	RebuildCommonClasses (43ms)
	RebuildNativeTypeToScriptingClass (15ms)
	initialDomainReloadingComplete (52ms)
	LoadAllAssembliesAndSetupDomain (730ms)
		LoadAssemblies (486ms)
		RebuildTransferFunctionScriptingTraits (0ms)
		AnalyzeDomain (373ms)
			TypeCache.Refresh (252ms)
				TypeCache.ScanAssembly (230ms)
			BuildScriptInfoCaches (103ms)
			ResolveRequiredComponents (14ms)
	FinalizeReload (1224ms)
		ReleaseScriptCaches (0ms)
		RebuildScriptCaches (0ms)
		SetupLoadedEditorAssemblies (975ms)
			LogAssemblyErrors (0ms)
			InitializePlatformSupportModulesInManaged (4ms)
			SetLoadedEditorAssemblies (6ms)
			BeforeProcessingInitializeOnLoad (154ms)
			ProcessInitializeOnLoadAttributes (620ms)
			ProcessInitializeOnLoadMethodAttributes (180ms)
			AfterProcessingInitializeOnLoad (12ms)
			EditorAssembliesLoaded (0ms)
		ExecutionOrderSort2 (0ms)
		AwakeInstancesAfterBackupRestoration (12ms)
Default GameObject Tag: Player already registered
Launched and connected shader compiler UnityShaderCompiler.exe after 0.02 seconds
Refreshing native plugins compatible for Editor in 2.60 ms, found 4 plugins.
Preloading 0 native plugins for Editor in 0.00 ms.
Unloading 205 Unused Serialized files (Serialized files now loaded: 0)
Unloading 6578 unused Assets / (4.0 MB). Loaded Objects now: 7258.
Memory consumption went from 175.7 MB to 171.7 MB.
Total: 9.678800 ms (FindLiveObjects: 0.870200 ms CreateObjectMapping: 0.434500 ms MarkObjects: 6.103800 ms  DeleteObjects: 2.269200 ms)

========================================================================
Received Import Request.
  Time since last request: 135125.663839 seconds.
  path: Assets/Scriptable Objects/Locations/Hub.asset
  artifactKey: Guid(a077dfa8626ea1b408e9cadba190c764) Importer(815301076,1909f56bfc062723c751e8b465ee728b)
Start importing Assets/Scriptable Objects/Locations/Hub.asset using Guid(a077dfa8626ea1b408e9cadba190c764) Importer(815301076,1909f56bfc062723c751e8b465ee728b) (PreviewImporter) -> (artifact id: 'c85fd09efef90d3e220e6a5b5fab1497') in 0.074709 seconds
Number of updated asset objects reloaded before import = 0Number of asset objects unloaded after import = 29

========================================================================
Received Import Request.
  Time since last request: 230.974889 seconds.
  path: Assets/Prefabs/Locations/City.prefab
  artifactKey: Guid(1b5ae2022694ecc45a2df71d4d54728f) Importer(815301076,1909f56bfc062723c751e8b465ee728b)
Start importing Assets/Prefabs/Locations/City.prefab using Guid(1b5ae2022694ecc45a2df71d4d54728f) Importer(815301076,1909f56bfc062723c751e8b465ee728b) (PreviewImporter) -> (artifact id: 'fad57e6a0808946e2eb4e2610f7b5054') in 0.7898559 seconds
Number of updated asset objects reloaded before import = 0Number of asset objects unloaded after import = 40

========================================================================
Received Import Request.
  Time since last request: 9.815485 seconds.
  path: Assets/Prefabs/Locations/Desert.prefab
  artifactKey: Guid(3f4f315424dfaea4fa01d0944ec56c1c) Importer(815301076,1909f56bfc062723c751e8b465ee728b)
Start importing Assets/Prefabs/Locations/Desert.prefab using Guid(3f4f315424dfaea4fa01d0944ec56c1c) Importer(815301076,1909f56bfc062723c751e8b465ee728b) (PreviewImporter) -> (artifact id: '99a884d254b8a8a063874695b73a6300') in 0.1211558 seconds
Number of updated asset objects reloaded before import = 0Number of asset objects unloaded after import = 40

========================================================================
Received Import Request.
  Time since last request: 6.093523 seconds.
  path: Assets/Prefabs/Locations/Forest.prefab
  artifactKey: Guid(aecaaa2ef2307e64dbe2adb63f96f648) Importer(815301076,1909f56bfc062723c751e8b465ee728b)
Start importing Assets/Prefabs/Locations/Forest.prefab using Guid(aecaaa2ef2307e64dbe2adb63f96f648) Importer(815301076,1909f56bfc062723c751e8b465ee728b) (PreviewImporter) -> (artifact id: '7ee175831affac35f267c84d594299d7') in 0.026474 seconds
Number of updated asset objects reloaded before import = 0Number of asset objects unloaded after import = 40

========================================================================
Received Import Request.
  Time since last request: 3.232327 seconds.
  path: Assets/Prefabs/Locations/Swamp.prefab
  artifactKey: Guid(de8b908fc5484bd40bef6a48b112fa0c) Importer(815301076,1909f56bfc062723c751e8b465ee728b)
Start importing Assets/Prefabs/Locations/Swamp.prefab using Guid(de8b908fc5484bd40bef6a48b112fa0c) Importer(815301076,1909f56bfc062723c751e8b465ee728b) (PreviewImporter) -> (artifact id: 'bd76173db8567c3365f15b30699ad703') in 0.0408622 seconds
Number of updated asset objects reloaded before import = 0Number of asset objects unloaded after import = 41

========================================================================
Received Import Request.
  Time since last request: 3.191251 seconds.
  path: Assets/Prefabs/Locations/Hub.prefab
  artifactKey: Guid(4c459f97787bee84ba71829d9b435cf1) Importer(815301076,1909f56bfc062723c751e8b465ee728b)
Start importing Assets/Prefabs/Locations/Hub.prefab using Guid(4c459f97787bee84ba71829d9b435cf1) Importer(815301076,1909f56bfc062723c751e8b465ee728b) (PreviewImporter) -> (artifact id: '081a0d42ad6249bcf0972226a08c7eff') in 0.027504 seconds
Number of updated asset objects reloaded before import = 0Number of asset objects unloaded after import = 44

========================================================================
Received Import Request.
  Time since last request: 5.241602 seconds.
  path: Assets/Prefabs/Locations/Swamp.prefab
  artifactKey: Guid(de8b908fc5484bd40bef6a48b112fa0c) Importer(815301076,1909f56bfc062723c751e8b465ee728b)
Start importing Assets/Prefabs/Locations/Swamp.prefab using Guid(de8b908fc5484bd40bef6a48b112fa0c) Importer(815301076,1909f56bfc062723c751e8b465ee728b) (PreviewImporter) -> (artifact id: '0d117c6646653a999a6d606bcff30905') in 0.0272068 seconds
Number of updated asset objects reloaded before import = 0Number of asset objects unloaded after import = 44

========================================================================
Received Import Request.
  Time since last request: 2.119282 seconds.
  path: Assets/Prefabs/Locations/Swamp.prefab
  artifactKey: Guid(de8b908fc5484bd40bef6a48b112fa0c) Importer(815301076,1909f56bfc062723c751e8b465ee728b)
Start importing Assets/Prefabs/Locations/Swamp.prefab using Guid(de8b908fc5484bd40bef6a48b112fa0c) Importer(815301076,1909f56bfc062723c751e8b465ee728b) (PreviewImporter) -> (artifact id: 'ee9a1375e5571a53b076dd41949d8709') in 0.0250374 seconds
Number of updated asset objects reloaded before import = 0Number of asset objects unloaded after import = 44

========================================================================
Received Import Request.
  Time since last request: 6.403861 seconds.
  path: Assets/Prefabs/Locations/Swamp.prefab
  artifactKey: Guid(de8b908fc5484bd40bef6a48b112fa0c) Importer(815301076,1909f56bfc062723c751e8b465ee728b)
Start importing Assets/Prefabs/Locations/Swamp.prefab using Guid(de8b908fc5484bd40bef6a48b112fa0c) Importer(815301076,1909f56bfc062723c751e8b465ee728b) (PreviewImporter) -> (artifact id: '047ebf70d895b6d52bcd46a2f4521545') in 0.0246799 seconds
Number of updated asset objects reloaded before import = 0Number of asset objects unloaded after import = 44

========================================================================
Received Import Request.
  Time since last request: 3.358512 seconds.
  path: Assets/Prefabs/Locations/Swamp.prefab
  artifactKey: Guid(de8b908fc5484bd40bef6a48b112fa0c) Importer(815301076,1909f56bfc062723c751e8b465ee728b)
Start importing Assets/Prefabs/Locations/Swamp.prefab using Guid(de8b908fc5484bd40bef6a48b112fa0c) Importer(815301076,1909f56bfc062723c751e8b465ee728b) (PreviewImporter) -> (artifact id: '7d89faa1305c077911d96c87eddab95b') in 0.0263723 seconds
Number of updated asset objects reloaded before import = 0Number of asset objects unloaded after import = 44

========================================================================
Received Import Request.
  Time since last request: 10.814192 seconds.
  path: Assets/Prefabs/Locations/Swamp.prefab
  artifactKey: Guid(de8b908fc5484bd40bef6a48b112fa0c) Importer(815301076,1909f56bfc062723c751e8b465ee728b)
Start importing Assets/Prefabs/Locations/Swamp.prefab using Guid(de8b908fc5484bd40bef6a48b112fa0c) Importer(815301076,1909f56bfc062723c751e8b465ee728b) (PreviewImporter) -> (artifact id: '015ceba03870fe02b1c4b6074d9cd21a') in 0.1050388 seconds
Number of updated asset objects reloaded before import = 0Number of asset objects unloaded after import = 44

========================================================================
Received Import Request.
  Time since last request: 10.955724 seconds.
  path: Assets/Prefabs/Locations/Swamp.prefab
  artifactKey: Guid(de8b908fc5484bd40bef6a48b112fa0c) Importer(815301076,1909f56bfc062723c751e8b465ee728b)
Start importing Assets/Prefabs/Locations/Swamp.prefab using Guid(de8b908fc5484bd40bef6a48b112fa0c) Importer(815301076,1909f56bfc062723c751e8b465ee728b) (PreviewImporter) -> (artifact id: '29591116b6823d78a57984b50e250f15') in 0.0256752 seconds
Number of updated asset objects reloaded before import = 0Number of asset objects unloaded after import = 44

========================================================================
Received Import Request.
  Time since last request: 3.133154 seconds.
  path: Assets/Prefabs/Locations/Swamp.prefab
  artifactKey: Guid(de8b908fc5484bd40bef6a48b112fa0c) Importer(815301076,1909f56bfc062723c751e8b465ee728b)
Start importing Assets/Prefabs/Locations/Swamp.prefab using Guid(de8b908fc5484bd40bef6a48b112fa0c) Importer(815301076,1909f56bfc062723c751e8b465ee728b) (PreviewImporter) -> (artifact id: 'dbff362eae8967d08887efdc3bdff1c5') in 0.0481506 seconds
Number of updated asset objects reloaded before import = 0Number of asset objects unloaded after import = 44

========================================================================
Received Import Request.
  Time since last request: 6.576735 seconds.
  path: Assets/Prefabs/Locations/Swamp.prefab
  artifactKey: Guid(de8b908fc5484bd40bef6a48b112fa0c) Importer(815301076,1909f56bfc062723c751e8b465ee728b)
Start importing Assets/Prefabs/Locations/Swamp.prefab using Guid(de8b908fc5484bd40bef6a48b112fa0c) Importer(815301076,1909f56bfc062723c751e8b465ee728b) (PreviewImporter) -> (artifact id: '259ea1636d934d213080b08560d038c2') in 0.0506114 seconds
Number of updated asset objects reloaded before import = 0Number of asset objects unloaded after import = 44

========================================================================
Received Import Request.
  Time since last request: 1.316126 seconds.
  path: Assets/Prefabs/Locations/Swamp.prefab
  artifactKey: Guid(de8b908fc5484bd40bef6a48b112fa0c) Importer(815301076,1909f56bfc062723c751e8b465ee728b)
Start importing Assets/Prefabs/Locations/Swamp.prefab using Guid(de8b908fc5484bd40bef6a48b112fa0c) Importer(815301076,1909f56bfc062723c751e8b465ee728b) (PreviewImporter) -> (artifact id: '18ea2cc5148e4e7fe0077e813a60b37c') in 0.0275151 seconds
Number of updated asset objects reloaded before import = 0Number of asset objects unloaded after import = 47

========================================================================
Received Import Request.
  Time since last request: 1.337831 seconds.
  path: Assets/Prefabs/Locations/Swamp.prefab
  artifactKey: Guid(de8b908fc5484bd40bef6a48b112fa0c) Importer(815301076,1909f56bfc062723c751e8b465ee728b)
Start importing Assets/Prefabs/Locations/Swamp.prefab using Guid(de8b908fc5484bd40bef6a48b112fa0c) Importer(815301076,1909f56bfc062723c751e8b465ee728b) (PreviewImporter) -> (artifact id: '0e51fa687287c4d6946b2accd5aeaf53') in 0.025732 seconds
Number of updated asset objects reloaded before import = 0Number of asset objects unloaded after import = 47

========================================================================
Received Import Request.
  Time since last request: 2.959314 seconds.
  path: Assets/Prefabs/Locations/Swamp.prefab
  artifactKey: Guid(de8b908fc5484bd40bef6a48b112fa0c) Importer(815301076,1909f56bfc062723c751e8b465ee728b)
Start importing Assets/Prefabs/Locations/Swamp.prefab using Guid(de8b908fc5484bd40bef6a48b112fa0c) Importer(815301076,1909f56bfc062723c751e8b465ee728b) (PreviewImporter) -> (artifact id: '7fb3906e898a2b9f0281caf6f03d3d49') in 0.0451924 seconds
Number of updated asset objects reloaded before import = 0Number of asset objects unloaded after import = 47

========================================================================
Received Import Request.
  Time since last request: 3.965512 seconds.
  path: Assets/Prefabs/Locations/Swamp.prefab
  artifactKey: Guid(de8b908fc5484bd40bef6a48b112fa0c) Importer(815301076,1909f56bfc062723c751e8b465ee728b)
Start importing Assets/Prefabs/Locations/Swamp.prefab using Guid(de8b908fc5484bd40bef6a48b112fa0c) Importer(815301076,1909f56bfc062723c751e8b465ee728b) (PreviewImporter) -> (artifact id: '6e5c25e5087f02c9dc2d5a78123c7290') in 0.0272131 seconds
Number of updated asset objects reloaded before import = 0Number of asset objects unloaded after import = 50

========================================================================
Received Import Request.
  Time since last request: 0.933014 seconds.
  path: Assets/Prefabs/Locations/Swamp.prefab
  artifactKey: Guid(de8b908fc5484bd40bef6a48b112fa0c) Importer(815301076,1909f56bfc062723c751e8b465ee728b)
Start importing Assets/Prefabs/Locations/Swamp.prefab using Guid(de8b908fc5484bd40bef6a48b112fa0c) Importer(815301076,1909f56bfc062723c751e8b465ee728b) (PreviewImporter) -> (artifact id: '3c536efcfc0b58fd3f0c87b5ea01008e') in 0.0253242 seconds
Number of updated asset objects reloaded before import = 0Number of asset objects unloaded after import = 50

========================================================================
Received Import Request.
  Time since last request: 1.544520 seconds.
  path: Assets/Prefabs/Locations/Swamp.prefab
  artifactKey: Guid(de8b908fc5484bd40bef6a48b112fa0c) Importer(815301076,1909f56bfc062723c751e8b465ee728b)
Start importing Assets/Prefabs/Locations/Swamp.prefab using Guid(de8b908fc5484bd40bef6a48b112fa0c) Importer(815301076,1909f56bfc062723c751e8b465ee728b) (PreviewImporter) -> (artifact id: 'abfbbcd4ed4f8a063bc557be94bd2828') in 0.0290099 seconds
Number of updated asset objects reloaded before import = 0Number of asset objects unloaded after import = 50

========================================================================
Received Import Request.
  Time since last request: 1.955076 seconds.
  path: Assets/Prefabs/Locations/Swamp.prefab
  artifactKey: Guid(de8b908fc5484bd40bef6a48b112fa0c) Importer(815301076,1909f56bfc062723c751e8b465ee728b)
Start importing Assets/Prefabs/Locations/Swamp.prefab using Guid(de8b908fc5484bd40bef6a48b112fa0c) Importer(815301076,1909f56bfc062723c751e8b465ee728b) (PreviewImporter) -> (artifact id: 'e643a7ebeec598e3f237bdb7bdbddb03') in 0.0262621 seconds
Number of updated asset objects reloaded before import = 0Number of asset objects unloaded after import = 50

========================================================================
Received Import Request.
  Time since last request: 3.763376 seconds.
  path: Assets/Prefabs/Locations/Swamp.prefab
  artifactKey: Guid(de8b908fc5484bd40bef6a48b112fa0c) Importer(815301076,1909f56bfc062723c751e8b465ee728b)
Start importing Assets/Prefabs/Locations/Swamp.prefab using Guid(de8b908fc5484bd40bef6a48b112fa0c) Importer(815301076,1909f56bfc062723c751e8b465ee728b) (PreviewImporter) -> (artifact id: 'a07d790e7513ac780dd22d6c3935850e') in 0.0438558 seconds
Number of updated asset objects reloaded before import = 0Number of asset objects unloaded after import = 50

========================================================================
Received Import Request.
  Time since last request: 32.919207 seconds.
  path: Assets/Prefabs/Locations/Swamp.prefab
  artifactKey: Guid(de8b908fc5484bd40bef6a48b112fa0c) Importer(815301076,1909f56bfc062723c751e8b465ee728b)
Start importing Assets/Prefabs/Locations/Swamp.prefab using Guid(de8b908fc5484bd40bef6a48b112fa0c) Importer(815301076,1909f56bfc062723c751e8b465ee728b) (PreviewImporter) -> (artifact id: '8001b378ba8ea52dc98031ddd5bb10c8') in 0.0248298 seconds
Number of updated asset objects reloaded before import = 0Number of asset objects unloaded after import = 41

========================================================================
Received Import Request.
  Time since last request: 6.563635 seconds.
  path: Assets/Prefabs/Locations/Hub.prefab
  artifactKey: Guid(4c459f97787bee84ba71829d9b435cf1) Importer(815301076,1909f56bfc062723c751e8b465ee728b)
Start importing Assets/Prefabs/Locations/Hub.prefab using Guid(4c459f97787bee84ba71829d9b435cf1) Importer(815301076,1909f56bfc062723c751e8b465ee728b) (PreviewImporter) -> (artifact id: 'f05a51125774fc82d74ef5f55bbaf105') in 0.02541 seconds
Number of updated asset objects reloaded before import = 0Number of asset objects unloaded after import = 41

========================================================================
Received Import Request.
  Time since last request: 32.071360 seconds.
  path: Assets/Prefabs/Locations/Hub.prefab
  artifactKey: Guid(4c459f97787bee84ba71829d9b435cf1) Importer(815301076,1909f56bfc062723c751e8b465ee728b)
Start importing Assets/Prefabs/Locations/Hub.prefab using Guid(4c459f97787bee84ba71829d9b435cf1) Importer(815301076,1909f56bfc062723c751e8b465ee728b) (PreviewImporter) -> (artifact id: 'df19d2062f518fe04a966919066b5d52') in 0.0255435 seconds
Number of updated asset objects reloaded before import = 0Number of asset objects unloaded after import = 41

========================================================================
Received Import Request.
  Time since last request: 0.345038 seconds.
  path: Assets/Prefabs/Locations/Hub.prefab
  artifactKey: Guid(4c459f97787bee84ba71829d9b435cf1) Importer(815301076,1909f56bfc062723c751e8b465ee728b)
Start importing Assets/Prefabs/Locations/Hub.prefab using Guid(4c459f97787bee84ba71829d9b435cf1) Importer(815301076,1909f56bfc062723c751e8b465ee728b) (PreviewImporter) -> (artifact id: '7f575456e1667491c2def1b0bf172254') in 0.0260563 seconds
Number of updated asset objects reloaded before import = 0Number of asset objects unloaded after import = 44

========================================================================
Received Import Request.
  Time since last request: 1.735636 seconds.
  path: Assets/Prefabs/Locations/Hub.prefab
  artifactKey: Guid(4c459f97787bee84ba71829d9b435cf1) Importer(815301076,1909f56bfc062723c751e8b465ee728b)
Start importing Assets/Prefabs/Locations/Hub.prefab using Guid(4c459f97787bee84ba71829d9b435cf1) Importer(815301076,1909f56bfc062723c751e8b465ee728b) (PreviewImporter) -> (artifact id: '71430dd66c96dc8a64844ec891b6ad68') in 0.025415 seconds
Number of updated asset objects reloaded before import = 0Number of asset objects unloaded after import = 44

========================================================================
Received Import Request.
  Time since last request: 6.572994 seconds.
  path: Assets/Prefabs/Locations/Hub.prefab
  artifactKey: Guid(4c459f97787bee84ba71829d9b435cf1) Importer(815301076,1909f56bfc062723c751e8b465ee728b)
Start importing Assets/Prefabs/Locations/Hub.prefab using Guid(4c459f97787bee84ba71829d9b435cf1) Importer(815301076,1909f56bfc062723c751e8b465ee728b) (PreviewImporter) -> (artifact id: '8df3b91c92879045f499170f733c48a5') in 0.0257328 seconds
Number of updated asset objects reloaded before import = 0Number of asset objects unloaded after import = 44

========================================================================
Received Import Request.
  Time since last request: 16.300310 seconds.
  path: Assets/Prefabs/Locations/Hub.prefab
  artifactKey: Guid(4c459f97787bee84ba71829d9b435cf1) Importer(815301076,1909f56bfc062723c751e8b465ee728b)
Start importing Assets/Prefabs/Locations/Hub.prefab using Guid(4c459f97787bee84ba71829d9b435cf1) Importer(815301076,1909f56bfc062723c751e8b465ee728b) (PreviewImporter) -> (artifact id: 'ee3707eae5df2b40c47d783e8e50705d') in 0.0278148 seconds
Number of updated asset objects reloaded before import = 0Number of asset objects unloaded after import = 44

========================================================================
Received Import Request.
  Time since last request: 2.973685 seconds.
  path: Assets/Prefabs/Locations/Hub.prefab
  artifactKey: Guid(4c459f97787bee84ba71829d9b435cf1) Importer(815301076,1909f56bfc062723c751e8b465ee728b)
Start importing Assets/Prefabs/Locations/Hub.prefab using Guid(4c459f97787bee84ba71829d9b435cf1) Importer(815301076,1909f56bfc062723c751e8b465ee728b) (PreviewImporter) -> (artifact id: '3e4b473e7da0bf4e48dddb1a2c0860c9') in 0.0267383 seconds
Number of updated asset objects reloaded before import = 0Number of asset objects unloaded after import = 44

========================================================================
Received Import Request.
  Time since last request: 3.130928 seconds.
  path: Assets/Prefabs/Locations/Hub.prefab
  artifactKey: Guid(4c459f97787bee84ba71829d9b435cf1) Importer(815301076,1909f56bfc062723c751e8b465ee728b)
Start importing Assets/Prefabs/Locations/Hub.prefab using Guid(4c459f97787bee84ba71829d9b435cf1) Importer(815301076,1909f56bfc062723c751e8b465ee728b) (PreviewImporter) -> (artifact id: '6b7558da4f72c03a59b6ab48ac88fcea') in 0.05677 seconds
Number of updated asset objects reloaded before import = 0Number of asset objects unloaded after import = 44

========================================================================
Received Import Request.
  Time since last request: 4.527875 seconds.
  path: Assets/Prefabs/Locations/Hub.prefab
  artifactKey: Guid(4c459f97787bee84ba71829d9b435cf1) Importer(815301076,1909f56bfc062723c751e8b465ee728b)
Start importing Assets/Prefabs/Locations/Hub.prefab using Guid(4c459f97787bee84ba71829d9b435cf1) Importer(815301076,1909f56bfc062723c751e8b465ee728b) (PreviewImporter) -> (artifact id: 'ff07d7103a6b318ed29ab9db6467b7ce') in 0.0253045 seconds
Number of updated asset objects reloaded before import = 0Number of asset objects unloaded after import = 44

========================================================================
Received Import Request.
  Time since last request: 6.790072 seconds.
  path: Assets/Prefabs/Locations/Hub.prefab
  artifactKey: Guid(4c459f97787bee84ba71829d9b435cf1) Importer(815301076,1909f56bfc062723c751e8b465ee728b)
Start importing Assets/Prefabs/Locations/Hub.prefab using Guid(4c459f97787bee84ba71829d9b435cf1) Importer(815301076,1909f56bfc062723c751e8b465ee728b) (PreviewImporter) -> (artifact id: '4293b54a129bf8206fa64dd320a201d0') in 0.0725294 seconds
Number of updated asset objects reloaded before import = 0Number of asset objects unloaded after import = 44

========================================================================
Received Import Request.
  Time since last request: 0.884262 seconds.
  path: Assets/Prefabs/Locations/Hub.prefab
  artifactKey: Guid(4c459f97787bee84ba71829d9b435cf1) Importer(815301076,1909f56bfc062723c751e8b465ee728b)
Start importing Assets/Prefabs/Locations/Hub.prefab using Guid(4c459f97787bee84ba71829d9b435cf1) Importer(815301076,1909f56bfc062723c751e8b465ee728b) (PreviewImporter) -> (artifact id: '96a4dc119acef3b949a7e87e23201390') in 0.0262999 seconds
Number of updated asset objects reloaded before import = 0Number of asset objects unloaded after import = 44

========================================================================
Received Import Request.
  Time since last request: 13.515613 seconds.
  path: Assets/Prefabs/Locations/Swamp.prefab
  artifactKey: Guid(de8b908fc5484bd40bef6a48b112fa0c) Importer(815301076,1909f56bfc062723c751e8b465ee728b)
Start importing Assets/Prefabs/Locations/Swamp.prefab using Guid(de8b908fc5484bd40bef6a48b112fa0c) Importer(815301076,1909f56bfc062723c751e8b465ee728b) (PreviewImporter) -> (artifact id: 'e9f8f8d1814237d08abc4715cdfc3f66') in 0.1161251 seconds
Number of updated asset objects reloaded before import = 0Number of asset objects unloaded after import = 44

========================================================================
Received Import Request.
  Time since last request: 1.002231 seconds.
  path: Assets/Prefabs/Locations/Swamp.prefab
  artifactKey: Guid(de8b908fc5484bd40bef6a48b112fa0c) Importer(815301076,1909f56bfc062723c751e8b465ee728b)
Start importing Assets/Prefabs/Locations/Swamp.prefab using Guid(de8b908fc5484bd40bef6a48b112fa0c) Importer(815301076,1909f56bfc062723c751e8b465ee728b) (PreviewImporter) -> (artifact id: '26bbece8defaaa49b31c043bd01603b4') in 0.0259953 seconds
Number of updated asset objects reloaded before import = 0Number of asset objects unloaded after import = 44

========================================================================
Received Import Request.
  Time since last request: 25.593621 seconds.
  path: Assets/Prefabs/Locations/Hub.prefab
  artifactKey: Guid(4c459f97787bee84ba71829d9b435cf1) Importer(815301076,1909f56bfc062723c751e8b465ee728b)
Start importing Assets/Prefabs/Locations/Hub.prefab using Guid(4c459f97787bee84ba71829d9b435cf1) Importer(815301076,1909f56bfc062723c751e8b465ee728b) (PreviewImporter) -> (artifact id: '7de5429a58a6be1e2c2ba83c51edef39') in 0.0906443 seconds
Number of updated asset objects reloaded before import = 0Number of asset objects unloaded after import = 44

========================================================================
Received Import Request.
  Time since last request: 5.869428 seconds.
  path: Assets/Prefabs/Locations/Hub.prefab
  artifactKey: Guid(4c459f97787bee84ba71829d9b435cf1) Importer(815301076,1909f56bfc062723c751e8b465ee728b)
Start importing Assets/Prefabs/Locations/Hub.prefab using Guid(4c459f97787bee84ba71829d9b435cf1) Importer(815301076,1909f56bfc062723c751e8b465ee728b) (PreviewImporter) -> (artifact id: 'a8d4d2f8dc86d840df4ee25ff5f9d7aa') in 0.0254998 seconds
Number of updated asset objects reloaded before import = 0Number of asset objects unloaded after import = 44

========================================================================
Received Import Request.
  Time since last request: 4.799808 seconds.
  path: Assets/Prefabs/Locations/Hub.prefab
  artifactKey: Guid(4c459f97787bee84ba71829d9b435cf1) Importer(815301076,1909f56bfc062723c751e8b465ee728b)
Start importing Assets/Prefabs/Locations/Hub.prefab using Guid(4c459f97787bee84ba71829d9b435cf1) Importer(815301076,1909f56bfc062723c751e8b465ee728b) (PreviewImporter) -> (artifact id: 'bbcdb031546c2ab6c0b78952670a595b') in 0.043496 seconds
Number of updated asset objects reloaded before import = 0Number of asset objects unloaded after import = 44

========================================================================
Received Import Request.
  Time since last request: 5.171934 seconds.
  path: Assets/Prefabs/Locations/Hub.prefab
  artifactKey: Guid(4c459f97787bee84ba71829d9b435cf1) Importer(815301076,1909f56bfc062723c751e8b465ee728b)
Start importing Assets/Prefabs/Locations/Hub.prefab using Guid(4c459f97787bee84ba71829d9b435cf1) Importer(815301076,1909f56bfc062723c751e8b465ee728b) (PreviewImporter) -> (artifact id: '6437949cfb55b91b6923ccd96f15bd4f') in 0.0473192 seconds
Number of updated asset objects reloaded before import = 0Number of asset objects unloaded after import = 44

========================================================================
Received Import Request.
  Time since last request: 4.729445 seconds.
  path: Assets/Prefabs/Locations/Hub.prefab
  artifactKey: Guid(4c459f97787bee84ba71829d9b435cf1) Importer(815301076,1909f56bfc062723c751e8b465ee728b)
Start importing Assets/Prefabs/Locations/Hub.prefab using Guid(4c459f97787bee84ba71829d9b435cf1) Importer(815301076,1909f56bfc062723c751e8b465ee728b) (PreviewImporter) -> (artifact id: '5b1811466ceabccd19e1788d576d4b7f') in 0.0246954 seconds
Number of updated asset objects reloaded before import = 0Number of asset objects unloaded after import = 44

========================================================================
Received Import Request.
  Time since last request: 2.550292 seconds.
  path: Assets/Prefabs/Locations/Hub.prefab
  artifactKey: Guid(4c459f97787bee84ba71829d9b435cf1) Importer(815301076,1909f56bfc062723c751e8b465ee728b)
Start importing Assets/Prefabs/Locations/Hub.prefab using Guid(4c459f97787bee84ba71829d9b435cf1) Importer(815301076,1909f56bfc062723c751e8b465ee728b) (PreviewImporter) -> (artifact id: '50b749950c822916d5f26df95e65c2cd') in 0.0267269 seconds
Number of updated asset objects reloaded before import = 0Number of asset objects unloaded after import = 44

========================================================================
Received Import Request.
  Time since last request: 2.965569 seconds.
  path: Assets/Prefabs/Locations/Hub.prefab
  artifactKey: Guid(4c459f97787bee84ba71829d9b435cf1) Importer(815301076,1909f56bfc062723c751e8b465ee728b)
Start importing Assets/Prefabs/Locations/Hub.prefab using Guid(4c459f97787bee84ba71829d9b435cf1) Importer(815301076,1909f56bfc062723c751e8b465ee728b) (PreviewImporter) -> (artifact id: '509e3c05471cdc3f6e3b86a7bc17fe83') in 0.0257801 seconds
Number of updated asset objects reloaded before import = 0Number of asset objects unloaded after import = 44

========================================================================
Received Import Request.
  Time since last request: 10.003655 seconds.
  path: Assets/Prefabs/Locations/Hub.prefab
  artifactKey: Guid(4c459f97787bee84ba71829d9b435cf1) Importer(815301076,1909f56bfc062723c751e8b465ee728b)
Start importing Assets/Prefabs/Locations/Hub.prefab using Guid(4c459f97787bee84ba71829d9b435cf1) Importer(815301076,1909f56bfc062723c751e8b465ee728b) (PreviewImporter) -> (artifact id: 'fecd94cb6daf610e006f7865116139dd') in 0.1119225 seconds
Number of updated asset objects reloaded before import = 0Number of asset objects unloaded after import = 47

========================================================================
Received Import Request.
  Time since last request: 3.322228 seconds.
  path: Assets/Prefabs/Locations/Hub.prefab
  artifactKey: Guid(4c459f97787bee84ba71829d9b435cf1) Importer(815301076,1909f56bfc062723c751e8b465ee728b)
Start importing Assets/Prefabs/Locations/Hub.prefab using Guid(4c459f97787bee84ba71829d9b435cf1) Importer(815301076,1909f56bfc062723c751e8b465ee728b) (PreviewImporter) -> (artifact id: '201f87018253038ffe5e0df65c338419') in 0.078878 seconds
Number of updated asset objects reloaded before import = 0Number of asset objects unloaded after import = 47

========================================================================
Received Import Request.
  Time since last request: 1.695794 seconds.
  path: Assets/Prefabs/Locations/Hub.prefab
  artifactKey: Guid(4c459f97787bee84ba71829d9b435cf1) Importer(815301076,1909f56bfc062723c751e8b465ee728b)
Start importing Assets/Prefabs/Locations/Hub.prefab using Guid(4c459f97787bee84ba71829d9b435cf1) Importer(815301076,1909f56bfc062723c751e8b465ee728b) (PreviewImporter) -> (artifact id: '3f0f2cc07ac012a4552e5c452827580b') in 0.112138 seconds
Number of updated asset objects reloaded before import = 0Number of asset objects unloaded after import = 50

========================================================================
Received Import Request.
  Time since last request: 4.701718 seconds.
  path: Assets/Prefabs/Locations/Hub.prefab
  artifactKey: Guid(4c459f97787bee84ba71829d9b435cf1) Importer(815301076,1909f56bfc062723c751e8b465ee728b)
Start importing Assets/Prefabs/Locations/Hub.prefab using Guid(4c459f97787bee84ba71829d9b435cf1) Importer(815301076,1909f56bfc062723c751e8b465ee728b) (PreviewImporter) -> (artifact id: '26b7661a5814b2136f82e6c534900d5e') in 0.0256179 seconds
Number of updated asset objects reloaded before import = 0Number of asset objects unloaded after import = 50

========================================================================
Received Import Request.
  Time since last request: 2.772305 seconds.
  path: Assets/Prefabs/Locations/Hub.prefab
  artifactKey: Guid(4c459f97787bee84ba71829d9b435cf1) Importer(815301076,1909f56bfc062723c751e8b465ee728b)
Start importing Assets/Prefabs/Locations/Hub.prefab using Guid(4c459f97787bee84ba71829d9b435cf1) Importer(815301076,1909f56bfc062723c751e8b465ee728b) (PreviewImporter) -> (artifact id: 'c56ae390d0196a91266e0bbe5028158d') in 0.0266815 seconds
Number of updated asset objects reloaded before import = 0Number of asset objects unloaded after import = 50

========================================================================
Received Prepare
Default GameObject Tag: Player already registered
Begin MonoManager ReloadAssembly
- Loaded All Assemblies, in  1.081 seconds
Refreshing native plugins compatible for Editor in 2.29 ms, found 4 plugins.
Native extension for WindowsStandalone target not found
Mono: successfully reloaded assembly
- Finished resetting the current domain, in  1.070 seconds
Domain Reload Profiling: 2145ms
	BeginReloadAssembly (308ms)
		ExecutionOrderSort (0ms)
		DisableScriptedObjects (32ms)
		BackupInstance (0ms)
		ReleaseScriptingObjects (0ms)
		CreateAndSetChildDomain (81ms)
	RebuildCommonClasses (43ms)
	RebuildNativeTypeToScriptingClass (16ms)
	initialDomainReloadingComplete (40ms)
	LoadAllAssembliesAndSetupDomain (666ms)
		LoadAssemblies (525ms)
		RebuildTransferFunctionScriptingTraits (0ms)
		AnalyzeDomain (282ms)
			TypeCache.Refresh (13ms)
				TypeCache.ScanAssembly (0ms)
			BuildScriptInfoCaches (249ms)
			ResolveRequiredComponents (15ms)
	FinalizeReload (1071ms)
		ReleaseScriptCaches (0ms)
		RebuildScriptCaches (0ms)
		SetupLoadedEditorAssemblies (830ms)
			LogAssemblyErrors (0ms)
			InitializePlatformSupportModulesInManaged (3ms)
			SetLoadedEditorAssemblies (6ms)
			BeforeProcessingInitializeOnLoad (154ms)
			ProcessInitializeOnLoadAttributes (583ms)
			ProcessInitializeOnLoadMethodAttributes (71ms)
			AfterProcessingInitializeOnLoad (11ms)
			EditorAssembliesLoaded (0ms)
		ExecutionOrderSort2 (0ms)
		AwakeInstancesAfterBackupRestoration (19ms)
Refreshing native plugins compatible for Editor in 2.97 ms, found 4 plugins.
Preloading 0 native plugins for Editor in 0.00 ms.
Unloading 13 Unused Serialized files (Serialized files now loaded: 0)
Unloading 6576 unused Assets / (4.2 MB). Loaded Objects now: 7295.
Memory consumption went from 153.9 MB to 149.7 MB.
Total: 10.723500 ms (FindLiveObjects: 0.835300 ms CreateObjectMapping: 0.455000 ms MarkObjects: 6.042100 ms  DeleteObjects: 3.389100 ms)

Prepare: number of updated asset objects reloaded= 0
========================================================================
Received Prepare
Default GameObject Tag: Player already registered
Begin MonoManager ReloadAssembly
- Loaded All Assemblies, in  1.063 seconds
Refreshing native plugins compatible for Editor in 2.81 ms, found 4 plugins.
Native extension for WindowsStandalone target not found
Mono: successfully reloaded assembly
- Finished resetting the current domain, in  1.215 seconds
Domain Reload Profiling: 2272ms
	BeginReloadAssembly (273ms)
		ExecutionOrderSort (0ms)
		DisableScriptedObjects (18ms)
		BackupInstance (0ms)
		ReleaseScriptingObjects (0ms)
		CreateAndSetChildDomain (68ms)
	RebuildCommonClasses (40ms)
	RebuildNativeTypeToScriptingClass (16ms)
	initialDomainReloadingComplete (40ms)
	LoadAllAssembliesAndSetupDomain (687ms)
		LoadAssemblies (506ms)
		RebuildTransferFunctionScriptingTraits (0ms)
		AnalyzeDomain (314ms)
			TypeCache.Refresh (15ms)
				TypeCache.ScanAssembly (0ms)
			BuildScriptInfoCaches (277ms)
			ResolveRequiredComponents (16ms)
	FinalizeReload (1215ms)
		ReleaseScriptCaches (0ms)
		RebuildScriptCaches (0ms)
		SetupLoadedEditorAssemblies (945ms)
			LogAssemblyErrors (0ms)
			InitializePlatformSupportModulesInManaged (3ms)
			SetLoadedEditorAssemblies (6ms)
			BeforeProcessingInitializeOnLoad (199ms)
			ProcessInitializeOnLoadAttributes (648ms)
			ProcessInitializeOnLoadMethodAttributes (75ms)
			AfterProcessingInitializeOnLoad (12ms)
			EditorAssembliesLoaded (0ms)
		ExecutionOrderSort2 (0ms)
		AwakeInstancesAfterBackupRestoration (21ms)
Refreshing native plugins compatible for Editor in 2.92 ms, found 4 plugins.
Preloading 0 native plugins for Editor in 0.00 ms.
Unloading 13 Unused Serialized files (Serialized files now loaded: 0)
Unloading 6576 unused Assets / (4.2 MB). Loaded Objects now: 7297.
Memory consumption went from 153.7 MB to 149.6 MB.
Total: 10.878600 ms (FindLiveObjects: 0.946500 ms CreateObjectMapping: 0.502300 ms MarkObjects: 6.751000 ms  DeleteObjects: 2.677200 ms)

Prepare: number of updated asset objects reloaded= 0
Editor requested this worker to shutdown with reason: Scaling down because of idle timeout
AssetImportWorker is now disconnected from the server
Process exiting
Exiting without the bug reporter. Application will terminate with return code 0